----------

Wed Jun 30 2021 20:46:13 GMT-0500 (hora de verano central)

To https://github.com/MiltMont/MiltMont.github.io.git
   7894153..728a99e  master -> master


----------

Wed Jun 30 2021 20:48:49 GMT-0500 (hora de verano central)

To https://github.com/MiltMont/MiltMont.github.io.git
   728a99e..0bc1e42  master -> master


----------

Wed Jun 30 2021 20:52:15 GMT-0500 (hora de verano central)

To https://github.com/MiltMont/MiltMont.github.io.git
   0bc1e42..2abd110  master -> master


----------

Wed Jun 30 2021 20:55:32 GMT-0500 (hora de verano central)

To https://github.com/MiltMont/MiltMont.github.io.git
   2abd110..d61745a  master -> master


----------

Wed Jun 30 2021 20:57:45 GMT-0500 (hora de verano central)

To https://github.com/MiltMont/MiltMont.github.io.git
   d61745a..fe765c5  master -> master


----------

Thu Jul 01 2021 00:52:39 GMT-0500 (hora de verano central)

To https://github.com/MiltMont/MiltMont.github.io.git
 ! [rejected]        master -> master (fetch first)
error: failed to push some refs to 'https://github.com/MiltMont/MiltMont.github.io.git'


----------

Thu Jul 01 2021 00:52:39 GMT-0500 (hora de verano central)

hint: Updates were rejected because the remote contains work that you do
hint: not have locally. This is usually caused by another repository pushing
hint: to the same ref. You may want to first integrate the remote changes
hint: (e.g., 'git pull ...') before pushing again.
hint: See the 'Note about fast-forwards' in 'git push --help' for details.


